Using pre-set license
Built from '2021.3/staging' branch; Version is '2021.3.24f1 (cf10dcf7010d) revision 13570268'; Using compiler version '192829333'; Build Type 'Release'
OS: 'Windows 11  (10.0.26200) 64bit Core' Language: 'es' Physical Memory: 15789 MB
BatchMode: 1, IsHumanControllingUs: 0, StartBugReporterOnCrash: 0, Is64bit: 1, IsPro: 1

COMMAND LINE ARGUMENTS:
C:\Program Files\Unity\Hub\Editor\2021.3.24f1\Editor\Unity.exe
-adb2
-batchMode
-noUpm
-name
AssetImportWorker0
-projectPath
C:/Users/crist/OneDrive/Documentos/GitHub/Mario-2D-Examen
-logFile
Logs/AssetImportWorker0.log
-srvPort
63078
Successfully changed project path to: C:/Users/crist/OneDrive/Documentos/GitHub/Mario-2D-Examen
C:/Users/crist/OneDrive/Documentos/GitHub/Mario-2D-Examen
[UnityMemory] Configuration Parameters - Can be set up in boot.config
    "memorysetup-bucket-allocator-granularity=16"
    "memorysetup-bucket-allocator-bucket-count=8"
    "memorysetup-bucket-allocator-block-size=33554432"
    "memorysetup-bucket-allocator-block-count=8"
    "memorysetup-main-allocator-block-size=16777216"
    "memorysetup-thread-allocator-block-size=16777216"
    "memorysetup-gfx-main-allocator-block-size=16777216"
    "memorysetup-gfx-thread-allocator-block-size=16777216"
    "memorysetup-cache-allocator-block-size=4194304"
    "memorysetup-typetree-allocator-block-size=2097152"
    "memorysetup-profiler-bucket-allocator-granularity=16"
    "memorysetup-profiler-bucket-allocator-bucket-count=8"
    "memorysetup-profiler-bucket-allocator-block-size=33554432"
    "memorysetup-profiler-bucket-allocator-block-count=8"
    "memorysetup-profiler-allocator-block-size=16777216"
    "memorysetup-profiler-editor-allocator-block-size=1048576"
    "memorysetup-temp-allocator-size-main=16777216"
    "memorysetup-job-temp-allocator-block-size=2097152"
    "memorysetup-job-temp-allocator-block-size-background=1048576"
    "memorysetup-job-temp-allocator-reduction-small-platforms=262144"
    "memorysetup-temp-allocator-size-background-worker=32768"
    "memorysetup-temp-allocator-size-job-worker=262144"
    "memorysetup-temp-allocator-size-preload-manager=33554432"
    "memorysetup-temp-allocator-size-nav-mesh-worker=65536"
    "memorysetup-temp-allocator-size-audio-worker=65536"
    "memorysetup-temp-allocator-size-cloud-worker=32768"
    "memorysetup-temp-allocator-size-gi-baking-worker=262144"
    "memorysetup-temp-allocator-size-gfx=262144"
Player connection [18028] Host "[IP] 192.168.26.3 [Port] 0 [Flags] 2 [Guid] 1055759797 [EditorId] 1055759797 [Version] 1048832 [Id] WindowsEditor(7,VISA) [Debug] 1 [PackageName] WindowsEditor [ProjectName] Editor" joined multi-casting on [225.0.0.222:54997]...

Player connection [18028] Host "[IP] 192.168.26.3 [Port] 0 [Flags] 2 [Guid] 1055759797 [EditorId] 1055759797 [Version] 1048832 [Id] WindowsEditor(7,VISA) [Debug] 1 [PackageName] WindowsEditor [ProjectName] Editor" joined alternative multi-casting on [225.0.0.222:34997]...

Refreshing native plugins compatible for Editor in 36.90 ms, found 2 plugins.
Preloading 0 native plugins for Editor in 0.00 ms.
Initialize engine version: 2021.3.24f1 (cf10dcf7010d)
[Subsystems] Discovering subsystems at path C:/Program Files/Unity/Hub/Editor/2021.3.24f1/Editor/Data/Resources/UnitySubsystems
[Subsystems] Discovering subsystems at path C:/Users/crist/OneDrive/Documentos/GitHub/Mario-2D-Examen/Assets
GfxDevice: creating device client; threaded=0; jobified=0
Direct3D:
    Version:  Direct3D 11.0 [level 11.1]
    Renderer: NVIDIA GeForce RTX 2060 (ID=0x1f15)
    Vendor:   NVIDIA
    VRAM:     5955 MB
    Driver:   32.0.15.9186
Initialize mono
Mono path[0] = 'C:/Program Files/Unity/Hub/Editor/2021.3.24f1/Editor/Data/Managed'
Mono path[1] = 'C:/Program Files/Unity/Hub/Editor/2021.3.24f1/Editor/Data/MonoBleedingEdge/lib/mono/unityjit-win32'
Mono config path = 'C:/Program Files/Unity/Hub/Editor/2021.3.24f1/Editor/Data/MonoBleedingEdge/etc'
Using monoOptions --debugger-agent=transport=dt_socket,embedding=1,server=y,suspend=n,address=127.0.0.1:56432
Begin MonoManager ReloadAssembly
Registering precompiled unity dll's ...
Register platform support module: C:/Program Files/Unity/Hub/Editor/2021.3.24f1/Editor/Data/PlaybackEngines/WindowsStandaloneSupport/UnityEditor.WindowsStandalone.Extensions.dll
Registered in 0.004218 seconds.
Native extension for WindowsStandalone target not found
Refreshing native plugins compatible for Editor in 30.02 ms, found 2 plugins.
Preloading 0 native plugins for Editor in 0.00 ms.
Mono: successfully reloaded assembly
- Completed reload, in  0.521 seconds
Domain Reload Profiling:
	ReloadAssembly (521ms)
		BeginReloadAssembly (75ms)
			ExecutionOrderSort (0ms)
			DisableScriptedObjects (0ms)
			BackupInstance (0ms)
			ReleaseScriptingObjects (0ms)
			CreateAndSetChildDomain (1ms)
		EndReloadAssembly (360ms)
			LoadAssemblies (73ms)
			RebuildTransferFunctionScriptingTraits (0ms)
			SetupTypeCache (91ms)
			ReleaseScriptCaches (0ms)
			RebuildScriptCaches (24ms)
			SetupLoadedEditorAssemblies (202ms)
				LogAssemblyErrors (0ms)
				InitializePlatformSupportModulesInManaged (7ms)
				SetLoadedEditorAssemblies (0ms)
				RefreshPlugins (30ms)
				BeforeProcessingInitializeOnLoad (1ms)
				ProcessInitializeOnLoadAttributes (125ms)
				ProcessInitializeOnLoadMethodAttributes (39ms)
				AfterProcessingInitializeOnLoad (0ms)
				EditorAssembliesLoaded (0ms)
			ExecutionOrderSort2 (0ms)
			AwakeInstancesAfterBackupRestoration (0ms)
Platform modules already initialized, skipping
Registering precompiled user dll's ...
Registered in 0.004354 seconds.
Begin MonoManager ReloadAssembly
Native extension for WindowsStandalone target not found
Refreshing native plugins compatible for Editor in 0.57 ms, found 2 plugins.
Preloading 0 native plugins for Editor in 0.00 ms.
Mono: successfully reloaded assembly
- Completed reload, in  0.877 seconds
Domain Reload Profiling:
	ReloadAssembly (878ms)
		BeginReloadAssembly (107ms)
			ExecutionOrderSort (0ms)
			DisableScriptedObjects (5ms)
			BackupInstance (0ms)
			ReleaseScriptingObjects (0ms)
			CreateAndSetChildDomain (18ms)
		EndReloadAssembly (677ms)
			LoadAssemblies (81ms)
			RebuildTransferFunctionScriptingTraits (0ms)
			SetupTypeCache (166ms)
			ReleaseScriptCaches (0ms)
			RebuildScriptCaches (40ms)
			SetupLoadedEditorAssemblies (372ms)
				LogAssemblyErrors (0ms)
				InitializePlatformSupportModulesInManaged (4ms)
				SetLoadedEditorAssemblies (0ms)
				RefreshPlugins (1ms)
				BeforeProcessingInitializeOnLoad (62ms)
				ProcessInitializeOnLoadAttributes (182ms)
				ProcessInitializeOnLoadMethodAttributes (116ms)
				AfterProcessingInitializeOnLoad (6ms)
				EditorAssembliesLoaded (0ms)
			ExecutionOrderSort2 (0ms)
			AwakeInstancesAfterBackupRestoration (5ms)
Platform modules already initialized, skipping
========================================================================
Worker process is ready to serve import requests
Launched and connected shader compiler UnityShaderCompiler.exe after 0.04 seconds
Refreshing native plugins compatible for Editor in 0.60 ms, found 2 plugins.
Preloading 0 native plugins for Editor in 0.00 ms.
Unloading 2269 Unused Serialized files (Serialized files now loaded: 0)
Unloading 50 unused Assets / (56.3 KB). Loaded Objects now: 2714.
Memory consumption went from 87.5 MB to 87.4 MB.
Total: 6.053400 ms (FindLiveObjects: 0.222500 ms CreateObjectMapping: 0.062800 ms MarkObjects: 5.676600 ms  DeleteObjects: 0.090300 ms)

AssetImportParameters requested are different than current active one (requested -> active):
  custom:video-decoder-ogg-theora: a1e56fd34408186e4bbccfd4996cb3dc -> 
  custom:container-muxer-webm: aa71ff27fc2769a1b78a27578f13a17b -> 
  custom:container-demuxer-webm: 4f35f7cbe854078d1ac9338744f61a02 -> 
  custom:video-encoder-webm-vp8: eb34c28f22e8b96e1ab97ce403110664 -> 
  custom:audio-encoder-webm-vorbis: bf7c407c2cedff20999df2af8eb42d56 -> 
  custom:framework-win-MediaFoundation: 216162199b28c13a410421893ffa2e32 -> 
  custom:container-demuxer-ogg: 62fdf1f143b41e24485cea50d1cbac27 -> 
  custom:video-decoder-webm-vp8: 9c59270c3fd7afecdb556c50c9e8de78 -> 
  custom:audio-decoder-ogg-vorbis: bf7c407c2cedff20999df2af8eb42d56 -> 
========================================================================
Received Import Request.
  Time since last request: 14085.578363 seconds.
  path: Assets/Scenes/Main MenuSettings.lighting
  artifactKey: Guid(5c2b44a25ba6fdb469ff2cfcf4bd5fb1) Importer(815301076,1909f56bfc062723c751e8b465ee728b)
Start importing Assets/Scenes/Main MenuSettings.lighting using Guid(5c2b44a25ba6fdb469ff2cfcf4bd5fb1) Importer(815301076,1909f56bfc062723c751e8b465ee728b) LightingSettings: switching bake backend from 1 to 0.
 -> (artifact id: 'c3e1fff844dd478e0bcd50058a2d2402') in 0.041813 seconds 
========================================================================
Received Import Request.
  Time since last request: 3.841211 seconds.
  path: Assets/Scenes/Template.unity
  artifactKey: Guid(4a2ab16110f164b20bf080c766cb2411) Importer(815301076,1909f56bfc062723c751e8b465ee728b)
Start importing Assets/Scenes/Template.unity using Guid(4a2ab16110f164b20bf080c766cb2411) Importer(815301076,1909f56bfc062723c751e8b465ee728b)  -> (artifact id: '35173c6dc079209c7d8d07cfb2dde33c') in 0.011599 seconds 
========================================================================
Received Import Request.
  Time since last request: 2.475132 seconds.
  path: Assets/Scenes/Test Scene.unity
  artifactKey: Guid(56e509e2d25ae4ee8b2b6ee5da807370) Importer(815301076,1909f56bfc062723c751e8b465ee728b)
Start importing Assets/Scenes/Test Scene.unity using Guid(56e509e2d25ae4ee8b2b6ee5da807370) Importer(815301076,1909f56bfc062723c751e8b465ee728b)  -> (artifact id: '5c50f4f51bae43d372676a7b88a721f8') in 0.010319 seconds 
========================================================================
Received Import Request.
  Time since last request: 7.022906 seconds.
  path: Assets/Scenes/Time Up Screen.unity
  artifactKey: Guid(4449479ddc64442dd8758830588b20d0) Importer(815301076,1909f56bfc062723c751e8b465ee728b)
Start importing Assets/Scenes/Time Up Screen.unity using Guid(4449479ddc64442dd8758830588b20d0) Importer(815301076,1909f56bfc062723c751e8b465ee728b)  -> (artifact id: '17d69deace2d0a311495206ed153605f') in 0.010320 seconds 
========================================================================
Received Import Request.
  Time since last request: 4.066812 seconds.
  path: Assets/Scenes/Game Over Screen.unity
  artifactKey: Guid(620308a087b1248caab10c264cb72fae) Importer(815301076,1909f56bfc062723c751e8b465ee728b)
Start importing Assets/Scenes/Game Over Screen.unity using Guid(620308a087b1248caab10c264cb72fae) Importer(815301076,1909f56bfc062723c751e8b465ee728b)  -> (artifact id: '05ff89dbc817995af7e92f8c26ebe957') in 0.009931 seconds 
========================================================================
Received Import Request.
  Time since last request: 0.549338 seconds.
  path: Assets/Scenes/World 1-1.unity
  artifactKey: Guid(8095ebcbfe4a14b30a787376f1d7fd22) Importer(815301076,1909f56bfc062723c751e8b465ee728b)
Start importing Assets/Scenes/World 1-1.unity using Guid(8095ebcbfe4a14b30a787376f1d7fd22) Importer(815301076,1909f56bfc062723c751e8b465ee728b)  -> (artifact id: '73d9c5bc41f84cbacd4c6499b006ad82') in 0.009565 seconds 
========================================================================
Received Import Request.
  Time since last request: 1.831003 seconds.
  path: Assets/Scenes/World 1-2 - Castle Cut.unity
  artifactKey: Guid(77966fe3743c84d158fc891f4e0bdaef) Importer(815301076,1909f56bfc062723c751e8b465ee728b)
Start importing Assets/Scenes/World 1-2 - Castle Cut.unity using Guid(77966fe3743c84d158fc891f4e0bdaef) Importer(815301076,1909f56bfc062723c751e8b465ee728b)  -> (artifact id: 'd6d767e7a3849817e63b944d42a51db2') in 0.009497 seconds 
========================================================================
Received Import Request.
  Time since last request: 1.245712 seconds.
  path: Assets/Scenes/World 1-2 - Underground.unity
  artifactKey: Guid(b7cefb0a68c1944d5ae611db7f6956c6) Importer(815301076,1909f56bfc062723c751e8b465ee728b)
Start importing Assets/Scenes/World 1-2 - Underground.unity using Guid(b7cefb0a68c1944d5ae611db7f6956c6) Importer(815301076,1909f56bfc062723c751e8b465ee728b)  -> (artifact id: '6f51b855db6f22c0f2c449e589665be1') in 0.011766 seconds 
========================================================================
Received Import Request.
  Time since last request: 2.037302 seconds.
  path: Assets/Scenes/World 1-2.unity
  artifactKey: Guid(37e7a12545566468084c9420b47f027f) Importer(815301076,1909f56bfc062723c751e8b465ee728b)
Start importing Assets/Scenes/World 1-2.unity using Guid(37e7a12545566468084c9420b47f027f) Importer(815301076,1909f56bfc062723c751e8b465ee728b)  -> (artifact id: 'd2ad9564c7a4f420a1aec9fd011d43c4') in 0.009700 seconds 
========================================================================
Received Import Request.
  Time since last request: 8.879527 seconds.
  path: Assets/Scenes/World 1-4.unity
  artifactKey: Guid(cc8976174e8d84c428328c673f982bf3) Importer(815301076,1909f56bfc062723c751e8b465ee728b)
Start importing Assets/Scenes/World 1-4.unity using Guid(cc8976174e8d84c428328c673f982bf3) Importer(815301076,1909f56bfc062723c751e8b465ee728b)  -> (artifact id: '5452be1cd86f542e8b9bd3c06fadcbb3') in 0.008995 seconds 
========================================================================
Received Import Request.
  Time since last request: 35.783650 seconds.
  path: Assets/Sounds/01-main-theme-overworld.mp3
  artifactKey: Guid(a396fb5db437f453d89c54963e7b9719) Importer(815301076,1909f56bfc062723c751e8b465ee728b)
Start importing Assets/Sounds/01-main-theme-overworld.mp3 using Guid(a396fb5db437f453d89c54963e7b9719) Importer(815301076,1909f56bfc062723c751e8b465ee728b)  -> (artifact id: '56f0096accb9267cee2e310965e774a7') in 0.091380 seconds 
========================================================================
Received Import Request.
  Time since last request: 0.000041 seconds.
  path: Assets/Sounds/09-game-over.mp3
  artifactKey: Guid(6fd1f18ce7cdf476a84bc81adc494f51) Importer(815301076,1909f56bfc062723c751e8b465ee728b)
Start importing Assets/Sounds/09-game-over.mp3 using Guid(6fd1f18ce7cdf476a84bc81adc494f51) Importer(815301076,1909f56bfc062723c751e8b465ee728b)  -> (artifact id: '10eae628ebe44dc127f2f037d3770319') in 0.020126 seconds 
========================================================================
Received Import Request.
  Time since last request: 0.000047 seconds.
  path: Assets/Sounds/smb_powerup_appears.wav
  artifactKey: Guid(97a450c65284a4a3094ba5c2221a492b) Importer(815301076,1909f56bfc062723c751e8b465ee728b)
Start importing Assets/Sounds/smb_powerup_appears.wav using Guid(97a450c65284a4a3094ba5c2221a492b) Importer(815301076,1909f56bfc062723c751e8b465ee728b)  -> (artifact id: '9c88ffcc3f0dcff047c7028dd54e3ed6') in 0.031269 seconds 
========================================================================
Received Import Request.
  Time since last request: 0.000031 seconds.
  path: Assets/Sounds/smb_pipe_powerdown.wav
  artifactKey: Guid(b520e6b32619c490a934225b9b162dc2) Importer(815301076,1909f56bfc062723c751e8b465ee728b)
Start importing Assets/Sounds/smb_pipe_powerdown.wav using Guid(b520e6b32619c490a934225b9b162dc2) Importer(815301076,1909f56bfc062723c751e8b465ee728b)  -> (artifact id: 'c865ea009e7b66364e84a15bdd071cc7') in 0.019810 seconds 
========================================================================
Received Import Request.
  Time since last request: 0.000041 seconds.
  path: Assets/Sounds/15-hurry-underwater-.mp3
  artifactKey: Guid(796aff1b8371c4f9c89c43229a6efcfa) Importer(815301076,1909f56bfc062723c751e8b465ee728b)
Start importing Assets/Sounds/15-hurry-underwater-.mp3 using Guid(796aff1b8371c4f9c89c43229a6efcfa) Importer(815301076,1909f56bfc062723c751e8b465ee728b)  -> (artifact id: 'c7ff6f69096e7e2dacda86ab3a02546b') in 0.018799 seconds 
========================================================================
Received Import Request.
  Time since last request: 0.000035 seconds.
  path: Assets/Sounds/06-level-complete.mp3
  artifactKey: Guid(632e293310a2b4c088dd51fdeaa9d8b8) Importer(815301076,1909f56bfc062723c751e8b465ee728b)
Start importing Assets/Sounds/06-level-complete.mp3 using Guid(632e293310a2b4c088dd51fdeaa9d8b8) Importer(815301076,1909f56bfc062723c751e8b465ee728b)  -> (artifact id: '218c3da4fb2a8a0dc57470d52ccb91bf') in 0.018761 seconds 
========================================================================
Received Import Request.
  Time since last request: 0.000025 seconds.
  path: Assets/Sounds/12-ending.mp3
  artifactKey: Guid(b56e9528a0f6d470dbc0c804f6bd5671) Importer(815301076,1909f56bfc062723c751e8b465ee728b)
Start importing Assets/Sounds/12-ending.mp3 using Guid(b56e9528a0f6d470dbc0c804f6bd5671) Importer(815301076,1909f56bfc062723c751e8b465ee728b)  -> (artifact id: 'a81fe0a94ffdf73bb8f6f9cdbfa2f8b9') in 0.017805 seconds 
========================================================================
Received Import Request.
  Time since last request: 0.000054 seconds.
  path: Assets/Sounds/smb_stomp.wav
  artifactKey: Guid(d84415726495b4d46b5a557ed2a97cfa) Importer(815301076,1909f56bfc062723c751e8b465ee728b)
Start importing Assets/Sounds/smb_stomp.wav using Guid(d84415726495b4d46b5a557ed2a97cfa) Importer(815301076,1909f56bfc062723c751e8b465ee728b)  -> (artifact id: '60e01adb9f78f839b057688eac4f57b5') in 0.021182 seconds 
========================================================================
Received Import Request.
  Time since last request: 0.000044 seconds.
  path: Assets/Sounds/14-hurry-underground-.mp3
  artifactKey: Guid(c1e811623125c4ec89bf2ee727031911) Importer(815301076,1909f56bfc062723c751e8b465ee728b)
Start importing Assets/Sounds/14-hurry-underground-.mp3 using Guid(c1e811623125c4ec89bf2ee727031911) Importer(815301076,1909f56bfc062723c751e8b465ee728b)  -> (artifact id: '43718c3ab57d4fb763b140295ad09742') in 0.019097 seconds 
========================================================================
Received Import Request.
  Time since last request: 0.000034 seconds.
  path: Assets/Sounds/smb_powerup.wav
  artifactKey: Guid(26301d2e86e99420599e315297a825df) Importer(815301076,1909f56bfc062723c751e8b465ee728b)
Start importing Assets/Sounds/smb_powerup.wav using Guid(26301d2e86e99420599e315297a825df) Importer(815301076,1909f56bfc062723c751e8b465ee728b)  -> (artifact id: '627cacc338d88e38dfdfea4b8c1ef980') in 0.019590 seconds 
========================================================================
Received Import Request.
  Time since last request: 0.000044 seconds.
  path: Assets/Sounds/smb_pause.wav
  artifactKey: Guid(5aec150c938c24103aaf3606c480427c) Importer(815301076,1909f56bfc062723c751e8b465ee728b)
Start importing Assets/Sounds/smb_pause.wav using Guid(5aec150c938c24103aaf3606c480427c) Importer(815301076,1909f56bfc062723c751e8b465ee728b)  -> (artifact id: '30b6557612eb1c0a563cd773176bd4cb') in 0.020041 seconds 
========================================================================
Received Import Request.
  Time since last request: 0.000031 seconds.
  path: Assets/Sounds/11-into-the-tunnel.mp3
  artifactKey: Guid(6a8723c8747c8436bbe3a6b9e75d9bf7) Importer(815301076,1909f56bfc062723c751e8b465ee728b)
Start importing Assets/Sounds/11-into-the-tunnel.mp3 using Guid(6a8723c8747c8436bbe3a6b9e75d9bf7) Importer(815301076,1909f56bfc062723c751e8b465ee728b)  -> (artifact id: '7e7bd544be4394c404aa7c39f97b440d') in 0.018103 seconds 
========================================================================
Received Import Request.
  Time since last request: 0.000047 seconds.
  path: Assets/Sounds/16-hurry-castle-.mp3
  artifactKey: Guid(4fda9cb8068424c1498dabb35b623a2a) Importer(815301076,1909f56bfc062723c751e8b465ee728b)
Start importing Assets/Sounds/16-hurry-castle-.mp3 using Guid(4fda9cb8068424c1498dabb35b623a2a) Importer(815301076,1909f56bfc062723c751e8b465ee728b)  -> (artifact id: '659a542af6db8ed34e1376fe3a342166') in 0.018006 seconds 
========================================================================
Received Import Request.
  Time since last request: 0.000048 seconds.
  path: Assets/Sounds/smb_fireball.wav
  artifactKey: Guid(7016dd03d29e64aa18bc6f1ae5bd8bec) Importer(815301076,1909f56bfc062723c751e8b465ee728b)
Start importing Assets/Sounds/smb_fireball.wav using Guid(7016dd03d29e64aa18bc6f1ae5bd8bec) Importer(815301076,1909f56bfc062723c751e8b465ee728b)  -> (artifact id: '88b4e5668bf41a7202f79246481064de') in 0.020568 seconds 
========================================================================
Received Import Request.
  Time since last request: 0.000026 seconds.
  path: Assets/Sounds/18-hurry-overworld-.mp3
  artifactKey: Guid(980db8ff7fdfd4de9b676bef749ea0a7) Importer(815301076,1909f56bfc062723c751e8b465ee728b)
Start importing Assets/Sounds/18-hurry-overworld-.mp3 using Guid(980db8ff7fdfd4de9b676bef749ea0a7) Importer(815301076,1909f56bfc062723c751e8b465ee728b)  -> (artifact id: '1d4a6cef9eddd9657bc7b623bda881e0') in 0.018000 seconds 
========================================================================
Received Import Request.
  Time since last request: 0.000026 seconds.
  path: Assets/Sounds/04-castle.mp3
  artifactKey: Guid(1da0566eed2d34e98aa6b46d799eae56) Importer(815301076,1909f56bfc062723c751e8b465ee728b)
Start importing Assets/Sounds/04-castle.mp3 using Guid(1da0566eed2d34e98aa6b46d799eae56) Importer(815301076,1909f56bfc062723c751e8b465ee728b)  -> (artifact id: '4de398c5c0066c157bb43cd3fbe7bfc0') in 0.018009 seconds 
========================================================================
Received Import Request.
  Time since last request: 0.000033 seconds.
  path: Assets/Sounds/smb_jump-small.wav
  artifactKey: Guid(bc5ca5e0703c54692a186434e1149ccd) Importer(815301076,1909f56bfc062723c751e8b465ee728b)
Start importing Assets/Sounds/smb_jump-small.wav using Guid(bc5ca5e0703c54692a186434e1149ccd) Importer(815301076,1909f56bfc062723c751e8b465ee728b)  -> (artifact id: 'e8994c333d6f4cb121e6efc8188fea08') in 0.019071 seconds 
========================================================================
Received Import Request.
  Time since last request: 0.870628 seconds.
  path: Assets/Sounds/smb_warning.wav
  artifactKey: Guid(c0ea6c25686884e1a9547efdebf43492) Importer(815301076,1909f56bfc062723c751e8b465ee728b)
Start importing Assets/Sounds/smb_warning.wav using Guid(c0ea6c25686884e1a9547efdebf43492) Importer(815301076,1909f56bfc062723c751e8b465ee728b)  -> (artifact id: '8ab0c4cbd940646473b607fbf946305b') in 0.016159 seconds 
Editor requested this worker to shutdown with reason: Scaling down because of idle timeout
AssetImportWorker is now disconnected from the server
Process exiting
Exiting without the bug reporter. Application will terminate with return code 0