Using pre-set license
Built from '2021.3/staging' branch; Version is '2021.3.24f1 (cf10dcf7010d) revision 13570268'; Using compiler version '192829333'; Build Type 'Release'
OS: 'Windows 11  (10.0.26200) 64bit Core' Language: 'es' Physical Memory: 15789 MB
BatchMode: 1, IsHumanControllingUs: 0, StartBugReporterOnCrash: 0, Is64bit: 1, IsPro: 1

COMMAND LINE ARGUMENTS:
C:\Program Files\Unity\Hub\Editor\2021.3.24f1\Editor\Unity.exe
-adb2
-batchMode
-noUpm
-name
AssetImportWorker2
-projectPath
C:/Users/crist/OneDrive/Documentos/GitHub/Mario-2D-Examen
-logFile
Logs/AssetImportWorker2.log
-srvPort
56902
Successfully changed project path to: C:/Users/crist/OneDrive/Documentos/GitHub/Mario-2D-Examen
C:/Users/crist/OneDrive/Documentos/GitHub/Mario-2D-Examen
[UnityMemory] Configuration Parameters - Can be set up in boot.config
    "memorysetup-bucket-allocator-granularity=16"
    "memorysetup-bucket-allocator-bucket-count=8"
    "memorysetup-bucket-allocator-block-size=33554432"
    "memorysetup-bucket-allocator-block-count=8"
    "memorysetup-main-allocator-block-size=16777216"
    "memorysetup-thread-allocator-block-size=16777216"
    "memorysetup-gfx-main-allocator-block-size=16777216"
    "memorysetup-gfx-thread-allocator-block-size=16777216"
    "memorysetup-cache-allocator-block-size=4194304"
    "memorysetup-typetree-allocator-block-size=2097152"
    "memorysetup-profiler-bucket-allocator-granularity=16"
    "memorysetup-profiler-bucket-allocator-bucket-count=8"
    "memorysetup-profiler-bucket-allocator-block-size=33554432"
    "memorysetup-profiler-bucket-allocator-block-count=8"
    "memorysetup-profiler-allocator-block-size=16777216"
    "memorysetup-profiler-editor-allocator-block-size=1048576"
    "memorysetup-temp-allocator-size-main=16777216"
    "memorysetup-job-temp-allocator-block-size=2097152"
    "memorysetup-job-temp-allocator-block-size-background=1048576"
    "memorysetup-job-temp-allocator-reduction-small-platforms=262144"
    "memorysetup-temp-allocator-size-background-worker=32768"
    "memorysetup-temp-allocator-size-job-worker=262144"
    "memorysetup-temp-allocator-size-preload-manager=33554432"
    "memorysetup-temp-allocator-size-nav-mesh-worker=65536"
    "memorysetup-temp-allocator-size-audio-worker=65536"
    "memorysetup-temp-allocator-size-cloud-worker=32768"
    "memorysetup-temp-allocator-size-gi-baking-worker=262144"
    "memorysetup-temp-allocator-size-gfx=262144"
Player connection [15704] Host "[IP] 192.168.26.3 [Port] 0 [Flags] 2 [Guid] 1119282048 [EditorId] 1119282048 [Version] 1048832 [Id] WindowsEditor(7,VISA) [Debug] 1 [PackageName] WindowsEditor [ProjectName] Editor" joined multi-casting on [225.0.0.222:54997]...

Player connection [15704] Host "[IP] 192.168.26.3 [Port] 0 [Flags] 2 [Guid] 1119282048 [EditorId] 1119282048 [Version] 1048832 [Id] WindowsEditor(7,VISA) [Debug] 1 [PackageName] WindowsEditor [ProjectName] Editor" joined alternative multi-casting on [225.0.0.222:34997]...

Refreshing native plugins compatible for Editor in 47.05 ms, found 2 plugins.
Preloading 0 native plugins for Editor in 0.00 ms.
Initialize engine version: 2021.3.24f1 (cf10dcf7010d)
[Subsystems] Discovering subsystems at path C:/Program Files/Unity/Hub/Editor/2021.3.24f1/Editor/Data/Resources/UnitySubsystems
[Subsystems] Discovering subsystems at path C:/Users/crist/OneDrive/Documentos/GitHub/Mario-2D-Examen/Assets
GfxDevice: creating device client; threaded=0; jobified=0
Direct3D:
    Version:  Direct3D 11.0 [level 11.1]
    Renderer: NVIDIA GeForce RTX 2060 (ID=0x1f15)
    Vendor:   NVIDIA
    VRAM:     5955 MB
    Driver:   32.0.15.9186
Initialize mono
Mono path[0] = 'C:/Program Files/Unity/Hub/Editor/2021.3.24f1/Editor/Data/Managed'
Mono path[1] = 'C:/Program Files/Unity/Hub/Editor/2021.3.24f1/Editor/Data/MonoBleedingEdge/lib/mono/unityjit-win32'
Mono config path = 'C:/Program Files/Unity/Hub/Editor/2021.3.24f1/Editor/Data/MonoBleedingEdge/etc'
Using monoOptions --debugger-agent=transport=dt_socket,embedding=1,server=y,suspend=n,address=127.0.0.1:56884
Begin MonoManager ReloadAssembly
Registering precompiled unity dll's ...
Register platform support module: C:/Program Files/Unity/Hub/Editor/2021.3.24f1/Editor/Data/PlaybackEngines/WindowsStandaloneSupport/UnityEditor.WindowsStandalone.Extensions.dll
Registered in 0.005063 seconds.
Native extension for WindowsStandalone target not found
Refreshing native plugins compatible for Editor in 44.88 ms, found 2 plugins.
Preloading 0 native plugins for Editor in 0.00 ms.
Mono: successfully reloaded assembly
- Completed reload, in  0.751 seconds
Domain Reload Profiling:
	ReloadAssembly (752ms)
		BeginReloadAssembly (114ms)
			ExecutionOrderSort (0ms)
			DisableScriptedObjects (0ms)
			BackupInstance (0ms)
			ReleaseScriptingObjects (0ms)
			CreateAndSetChildDomain (1ms)
		EndReloadAssembly (518ms)
			LoadAssemblies (111ms)
			RebuildTransferFunctionScriptingTraits (0ms)
			SetupTypeCache (126ms)
			ReleaseScriptCaches (0ms)
			RebuildScriptCaches (43ms)
			SetupLoadedEditorAssemblies (288ms)
				LogAssemblyErrors (0ms)
				InitializePlatformSupportModulesInManaged (9ms)
				SetLoadedEditorAssemblies (0ms)
				RefreshPlugins (45ms)
				BeforeProcessingInitializeOnLoad (2ms)
				ProcessInitializeOnLoadAttributes (171ms)
				ProcessInitializeOnLoadMethodAttributes (61ms)
				AfterProcessingInitializeOnLoad (0ms)
				EditorAssembliesLoaded (0ms)
			ExecutionOrderSort2 (0ms)
			AwakeInstancesAfterBackupRestoration (0ms)
Platform modules already initialized, skipping
Registering precompiled user dll's ...
Registered in 0.005632 seconds.
Begin MonoManager ReloadAssembly
Native extension for WindowsStandalone target not found
Refreshing native plugins compatible for Editor in 0.71 ms, found 2 plugins.
Preloading 0 native plugins for Editor in 0.00 ms.
Mono: successfully reloaded assembly
- Completed reload, in  1.049 seconds
Domain Reload Profiling:
	ReloadAssembly (1051ms)
		BeginReloadAssembly (138ms)
			ExecutionOrderSort (0ms)
			DisableScriptedObjects (6ms)
			BackupInstance (0ms)
			ReleaseScriptingObjects (0ms)
			CreateAndSetChildDomain (31ms)
		EndReloadAssembly (810ms)
			LoadAssemblies (86ms)
			RebuildTransferFunctionScriptingTraits (0ms)
			SetupTypeCache (199ms)
			ReleaseScriptCaches (0ms)
			RebuildScriptCaches (48ms)
			SetupLoadedEditorAssemblies (443ms)
				LogAssemblyErrors (0ms)
				InitializePlatformSupportModulesInManaged (5ms)
				SetLoadedEditorAssemblies (0ms)
				RefreshPlugins (1ms)
				BeforeProcessingInitializeOnLoad (69ms)
				ProcessInitializeOnLoadAttributes (214ms)
				ProcessInitializeOnLoadMethodAttributes (145ms)
				AfterProcessingInitializeOnLoad (9ms)
				EditorAssembliesLoaded (0ms)
			ExecutionOrderSort2 (0ms)
			AwakeInstancesAfterBackupRestoration (10ms)
Platform modules already initialized, skipping
========================================================================
Worker process is ready to serve import requests
Launched and connected shader compiler UnityShaderCompiler.exe after 0.06 seconds
Refreshing native plugins compatible for Editor in 0.86 ms, found 2 plugins.
Preloading 0 native plugins for Editor in 0.00 ms.
Unloading 2269 Unused Serialized files (Serialized files now loaded: 0)
Unloading 50 unused Assets / (56.3 KB). Loaded Objects now: 2714.
Memory consumption went from 87.5 MB to 87.4 MB.
Total: 9.797900 ms (FindLiveObjects: 0.415000 ms CreateObjectMapping: 0.101200 ms MarkObjects: 9.122200 ms  DeleteObjects: 0.157200 ms)

AssetImportParameters requested are different than current active one (requested -> active):
  custom:video-decoder-ogg-theora: a1e56fd34408186e4bbccfd4996cb3dc -> 
  custom:container-muxer-webm: aa71ff27fc2769a1b78a27578f13a17b -> 
  custom:container-demuxer-webm: 4f35f7cbe854078d1ac9338744f61a02 -> 
  custom:video-encoder-webm-vp8: eb34c28f22e8b96e1ab97ce403110664 -> 
  custom:audio-encoder-webm-vorbis: bf7c407c2cedff20999df2af8eb42d56 -> 
  custom:framework-win-MediaFoundation: 216162199b28c13a410421893ffa2e32 -> 
  custom:container-demuxer-ogg: 62fdf1f143b41e24485cea50d1cbac27 -> 
  custom:video-decoder-webm-vp8: 9c59270c3fd7afecdb556c50c9e8de78 -> 
  custom:audio-decoder-ogg-vorbis: bf7c407c2cedff20999df2af8eb42d56 -> 
========================================================================
Received Import Request.
  Time since last request: 12595.531502 seconds.
  path: Assets/Sprites/enemies.png
  artifactKey: Guid(7eb68ac47e5fe4bbca37c767951ce034) Importer(815301076,1909f56bfc062723c751e8b465ee728b)
Start importing Assets/Sprites/enemies.png using Guid(7eb68ac47e5fe4bbca37c767951ce034) Importer(815301076,1909f56bfc062723c751e8b465ee728b)  -> (artifact id: '2710ba0a6b44131671f33e368c02538e') in 0.404514 seconds 
========================================================================
Received Prepare
Registering precompiled user dll's ...
Registered in 0.004843 seconds.
Begin MonoManager ReloadAssembly
Native extension for WindowsStandalone target not found
Refreshing native plugins compatible for Editor in 0.84 ms, found 2 plugins.
Preloading 0 native plugins for Editor in 0.00 ms.
Mono: successfully reloaded assembly
- Completed reload, in  1.187 seconds
Domain Reload Profiling:
	ReloadAssembly (1188ms)
		BeginReloadAssembly (154ms)
			ExecutionOrderSort (0ms)
			DisableScriptedObjects (5ms)
			BackupInstance (0ms)
			ReleaseScriptingObjects (0ms)
			CreateAndSetChildDomain (43ms)
		EndReloadAssembly (927ms)
			LoadAssemblies (109ms)
			RebuildTransferFunctionScriptingTraits (0ms)
			SetupTypeCache (226ms)
			ReleaseScriptCaches (2ms)
			RebuildScriptCaches (68ms)
			SetupLoadedEditorAssemblies (484ms)
				LogAssemblyErrors (0ms)
				InitializePlatformSupportModulesInManaged (7ms)
				SetLoadedEditorAssemblies (1ms)
				RefreshPlugins (1ms)
				BeforeProcessingInitializeOnLoad (80ms)
				ProcessInitializeOnLoadAttributes (225ms)
				ProcessInitializeOnLoadMethodAttributes (160ms)
				AfterProcessingInitializeOnLoad (10ms)
				EditorAssembliesLoaded (0ms)
			ExecutionOrderSort2 (0ms)
			AwakeInstancesAfterBackupRestoration (7ms)
Platform modules already initialized, skipping
Refreshing native plugins compatible for Editor in 5.49 ms, found 2 plugins.
Preloading 0 native plugins for Editor in 0.00 ms.
Unloading 2264 Unused Serialized files (Serialized files now loaded: 0)
Unloading 39 unused Assets / (31.8 KB). Loaded Objects now: 2754.
Memory consumption went from 91.1 MB to 91.1 MB.
Total: 6.948200 ms (FindLiveObjects: 0.249500 ms CreateObjectMapping: 0.074100 ms MarkObjects: 6.586000 ms  DeleteObjects: 0.036800 ms)

AssetImportParameters requested are different than current active one (requested -> active):
  custom:video-decoder-ogg-theora: a1e56fd34408186e4bbccfd4996cb3dc -> 
  custom:container-muxer-webm: aa71ff27fc2769a1b78a27578f13a17b -> 
  custom:container-demuxer-webm: 4f35f7cbe854078d1ac9338744f61a02 -> 
  custom:video-encoder-webm-vp8: eb34c28f22e8b96e1ab97ce403110664 -> 
  custom:audio-encoder-webm-vorbis: bf7c407c2cedff20999df2af8eb42d56 -> 
  custom:framework-win-MediaFoundation: 216162199b28c13a410421893ffa2e32 -> 
  custom:container-demuxer-ogg: 62fdf1f143b41e24485cea50d1cbac27 -> 
  custom:video-decoder-webm-vp8: 9c59270c3fd7afecdb556c50c9e8de78 -> 
  custom:audio-decoder-ogg-vorbis: bf7c407c2cedff20999df2af8eb42d56 -> 
========================================================================
Received Import Request.
  Time since last request: 38.046453 seconds.
  path: Packages/com.unity.analytics/package.json
  artifactKey: Guid(510d1d319d2754ea4a47c6dd8c421ea0) Importer(815301076,1909f56bfc062723c751e8b465ee728b)
Start importing Packages/com.unity.analytics/package.json using Guid(510d1d319d2754ea4a47c6dd8c421ea0) Importer(815301076,1909f56bfc062723c751e8b465ee728b)  -> (artifact id: 'baa78bcfea042d14a74326dd626df81f') in 0.042338 seconds 
========================================================================
Received Import Request.
  Time since last request: 5.603459 seconds.
  path: Packages/com.unity.analytics/Plugins
  artifactKey: Guid(71e1652fdff664f9bb0ae9e0327b0d90) Importer(815301076,1909f56bfc062723c751e8b465ee728b)
Start importing Packages/com.unity.analytics/Plugins using Guid(71e1652fdff664f9bb0ae9e0327b0d90) Importer(815301076,1909f56bfc062723c751e8b465ee728b)  -> (artifact id: '7d18caf17fb6b633118e85c61f66f29b') in 0.010485 seconds 
========================================================================
Received Import Request.
  Time since last request: 1.708141 seconds.
  path: Packages/com.unity.analytics/Plugins/WindowUtil.jslib
  artifactKey: Guid(9c28ac06b3e4042b49dd5e1471a4c81a) Importer(815301076,1909f56bfc062723c751e8b465ee728b)
Start importing Packages/com.unity.analytics/Plugins/WindowUtil.jslib using Guid(9c28ac06b3e4042b49dd5e1471a4c81a) Importer(815301076,1909f56bfc062723c751e8b465ee728b)  -> (artifact id: '9887d722bfca711c6166c61c4ef0668c') in 0.013920 seconds 
========================================================================
Received Import Request.
  Time since last request: 2.153918 seconds.
  path: Assets/Materials/Bouncy.physicsMaterial2D
  artifactKey: Guid(efa72d1c8b9884020bc19f6ee0a6209f) Importer(815301076,1909f56bfc062723c751e8b465ee728b)
Start importing Assets/Materials/Bouncy.physicsMaterial2D using Guid(efa72d1c8b9884020bc19f6ee0a6209f) Importer(815301076,1909f56bfc062723c751e8b465ee728b)  -> (artifact id: '2137e6da36d16a4fa040e20f53f69cb5') in 0.012971 seconds 
========================================================================
Received Import Request.
  Time since last request: 13.374907 seconds.
  path: Assets/Animations/Blocks
  artifactKey: Guid(fbb86e8c57a6d45f5bc6ebb46b67042e) Importer(815301076,1909f56bfc062723c751e8b465ee728b)
Start importing Assets/Animations/Blocks using Guid(fbb86e8c57a6d45f5bc6ebb46b67042e) Importer(815301076,1909f56bfc062723c751e8b465ee728b)  -> (artifact id: 'e4f2086eb493d31635b1d21067123416') in 0.011276 seconds 
========================================================================
Received Import Request.
  Time since last request: 0.860034 seconds.
  path: Assets/Animations/Blocks/Anim Brown Brick Block.controller
  artifactKey: Guid(b26d9ed7581564fb5a773267c4f62078) Importer(815301076,1909f56bfc062723c751e8b465ee728b)
Start importing Assets/Animations/Blocks/Anim Brown Brick Block.controller using Guid(b26d9ed7581564fb5a773267c4f62078) Importer(815301076,1909f56bfc062723c751e8b465ee728b)  -> (artifact id: 'd56da6945662cf0072b573e2f4eb09ba') in 0.016004 seconds 
========================================================================
Received Import Request.
  Time since last request: 7.689163 seconds.
  path: Packages/com.unity.purchasing/package.json
  artifactKey: Guid(4797030ac1a4416a944aa07d854ffeb4) Importer(815301076,1909f56bfc062723c751e8b465ee728b)
Start importing Packages/com.unity.purchasing/package.json using Guid(4797030ac1a4416a944aa07d854ffeb4) Importer(815301076,1909f56bfc062723c751e8b465ee728b)  -> (artifact id: '4c472c4f73ae512d9bd28a9569170d4c') in 0.004399 seconds 
========================================================================
Received Import Request.
  Time since last request: 0.809578 seconds.
  path: Packages/com.unity.test-framework/package.json
  artifactKey: Guid(d6a2e6e4803de7b43baacdc355fc144d) Importer(815301076,1909f56bfc062723c751e8b465ee728b)
Start importing Packages/com.unity.test-framework/package.json using Guid(d6a2e6e4803de7b43baacdc355fc144d) Importer(815301076,1909f56bfc062723c751e8b465ee728b)  -> (artifact id: 'e18898ccc8b096ee8f2e6704cc6568de') in 0.003798 seconds 
========================================================================
Received Import Request.
  Time since last request: 5.973248 seconds.
  path: Assets/Prefabs/_managers
  artifactKey: Guid(8f74805ae1df14a7fb422068413d0aee) Importer(815301076,1909f56bfc062723c751e8b465ee728b)
Start importing Assets/Prefabs/_managers using Guid(8f74805ae1df14a7fb422068413d0aee) Importer(815301076,1909f56bfc062723c751e8b465ee728b)  -> (artifact id: '2865d43196116071e9566b4badcabb45') in 0.010986 seconds 
========================================================================
Received Import Request.
  Time since last request: 0.225771 seconds.
  path: Assets/Prefabs/_managers/Floating Text Effect.prefab
  artifactKey: Guid(1ad1e9f06ef1b47b0ba83ef5484e63cf) Importer(815301076,1909f56bfc062723c751e8b465ee728b)
Start importing Assets/Prefabs/_managers/Floating Text Effect.prefab using Guid(1ad1e9f06ef1b47b0ba83ef5484e63cf) Importer(815301076,1909f56bfc062723c751e8b465ee728b)  -> (artifact id: 'f9b72dff63c1ef9b659f1746bab0cf78') in 0.029404 seconds 
========================================================================
Received Import Request.
  Time since last request: 0.000104 seconds.
  path: Assets/Prefabs/_managers/Spawn Point.prefab
  artifactKey: Guid(a209d8fe0d6e94baf95b9461f7ea33a1) Importer(815301076,1909f56bfc062723c751e8b465ee728b)
Start importing Assets/Prefabs/_managers/Spawn Point.prefab using Guid(a209d8fe0d6e94baf95b9461f7ea33a1) Importer(815301076,1909f56bfc062723c751e8b465ee728b)  -> (artifact id: '9ed98ce23bebd9bd3c4de0ea7c98a37e') in 0.011403 seconds 
========================================================================
Received Import Request.
  Time since last request: 42.521085 seconds.
  path: Assets/Prefabs/_managers/Level Starter.prefab
  artifactKey: Guid(2edb2b8e476654f0ea2807c7a8261a76) Importer(815301076,1909f56bfc062723c751e8b465ee728b)
Start importing Assets/Prefabs/_managers/Level Starter.prefab using Guid(2edb2b8e476654f0ea2807c7a8261a76) Importer(815301076,1909f56bfc062723c751e8b465ee728b)  -> (artifact id: '52f4c8ceb31d3b01c11db3942c3b2511') in 0.092105 seconds 
========================================================================
Received Import Request.
  Time since last request: 39.679959 seconds.
  path: Packages/com.unity.ads/package.json
  artifactKey: Guid(dced8f6ea9f964e8e8e61574ea889d21) Importer(815301076,1909f56bfc062723c751e8b465ee728b)
Start importing Packages/com.unity.ads/package.json using Guid(dced8f6ea9f964e8e8e61574ea889d21) Importer(815301076,1909f56bfc062723c751e8b465ee728b)  -> (artifact id: '2841c2171c1874ec2e0308aa4e2ee269') in 0.003934 seconds 
========================================================================
Received Import Request.
  Time since last request: 14.854915 seconds.
  path: Packages/com.unity.analytics/DataPrivacy/DataPrivacyButton.prefab
  artifactKey: Guid(71b11355001648444b41d17fd36c150d) Importer(815301076,1909f56bfc062723c751e8b465ee728b)
Start importing Packages/com.unity.analytics/DataPrivacy/DataPrivacyButton.prefab using Guid(71b11355001648444b41d17fd36c150d) Importer(815301076,1909f56bfc062723c751e8b465ee728b)  -> (artifact id: '9e852d27d96b53e65e278b058729f0a4') in 0.016990 seconds 
========================================================================
Received Import Request.
  Time since last request: 0.000020 seconds.
  path: Packages/com.unity.analytics/DataPrivacy/Unity.Analytics.DataPrivacy.asmdef
  artifactKey: Guid(0fda7ebe61ab2164383d10e32efb9c6e) Importer(815301076,1909f56bfc062723c751e8b465ee728b)
Start importing Packages/com.unity.analytics/DataPrivacy/Unity.Analytics.DataPrivacy.asmdef using Guid(0fda7ebe61ab2164383d10e32efb9c6e) Importer(815301076,1909f56bfc062723c751e8b465ee728b)  -> (artifact id: '6c7b1a30642346b280c13ae68c0ac272') in 0.011730 seconds 
========================================================================
Received Import Request.
  Time since last request: 10.811655 seconds.
  path: Assets/Prefabs/Pipes/Green Pipe 2x2.prefab
  artifactKey: Guid(b96c82cf6024348128259a1909ed9b48) Importer(815301076,1909f56bfc062723c751e8b465ee728b)
Start importing Assets/Prefabs/Pipes/Green Pipe 2x2.prefab using Guid(b96c82cf6024348128259a1909ed9b48) Importer(815301076,1909f56bfc062723c751e8b465ee728b)  -> (artifact id: 'c60e98c90c6aa4f513508ddcb05f86c3') in 0.020577 seconds 
========================================================================
Received Import Request.
  Time since last request: 0.004726 seconds.
  path: Assets/Prefabs/Pipes/Warp Green Pipe 2x2 Up.prefab
  artifactKey: Guid(699031f48efc94cf0a80de75a7ae29c8) Importer(815301076,1909f56bfc062723c751e8b465ee728b)
Start importing Assets/Prefabs/Pipes/Warp Green Pipe 2x2 Up.prefab using Guid(699031f48efc94cf0a80de75a7ae29c8) Importer(815301076,1909f56bfc062723c751e8b465ee728b)  -> (artifact id: '403303c4b25cd7a3bb318e535053b7e0') in 0.024293 seconds 
========================================================================
Received Import Request.
  Time since last request: 0.000037 seconds.
  path: Assets/Prefabs/Pipes/Warp Green Pipe Side Long.prefab
  artifactKey: Guid(bce07b3d21f4e4410b04d83d1d6eade4) Importer(815301076,1909f56bfc062723c751e8b465ee728b)
Start importing Assets/Prefabs/Pipes/Warp Green Pipe Side Long.prefab using Guid(bce07b3d21f4e4410b04d83d1d6eade4) Importer(815301076,1909f56bfc062723c751e8b465ee728b)  -> (artifact id: '1b3dc1681a35c353e62b4e58086a3c3d') in 0.029728 seconds 
========================================================================
Received Import Request.
  Time since last request: 0.000030 seconds.
  path: Assets/Prefabs/Pipes/Warp Green Pipe Side Short.prefab
  artifactKey: Guid(9677d57be0fed4cbb847f328e6b7c0ba) Importer(815301076,1909f56bfc062723c751e8b465ee728b)
Start importing Assets/Prefabs/Pipes/Warp Green Pipe Side Short.prefab using Guid(9677d57be0fed4cbb847f328e6b7c0ba) Importer(815301076,1909f56bfc062723c751e8b465ee728b)  -> (artifact id: '238dc5be7a196a79f222c7ba9dc0d581') in 0.023812 seconds 
========================================================================
Received Import Request.
  Time since last request: 7.622080 seconds.
  path: Assets/Prefabs/Barriers/Patrolling Enemy Barrier.prefab
  artifactKey: Guid(77da8a2a120b44132b2ada095c04d034) Importer(815301076,1909f56bfc062723c751e8b465ee728b)
Start importing Assets/Prefabs/Barriers/Patrolling Enemy Barrier.prefab using Guid(77da8a2a120b44132b2ada095c04d034) Importer(815301076,1909f56bfc062723c751e8b465ee728b)  -> (artifact id: '3cced7d8a08486694ed447f04f80d33e') in 0.013878 seconds 
