Using pre-set license
Built from '2021.3/staging' branch; Version is '2021.3.24f1 (cf10dcf7010d) revision 13570268'; Using compiler version '192829333'; Build Type 'Release'
OS: 'Windows 11  (10.0.26200) 64bit Core' Language: 'es' Physical Memory: 15789 MB
BatchMode: 1, IsHumanControllingUs: 0, StartBugReporterOnCrash: 0, Is64bit: 1, IsPro: 1

COMMAND LINE ARGUMENTS:
C:\Program Files\Unity\Hub\Editor\2021.3.24f1\Editor\Unity.exe
-adb2
-batchMode
-noUpm
-name
AssetImportWorker1
-projectPath
C:/Users/crist/OneDrive/Documentos/GitHub/Mario-2D-Examen
-logFile
Logs/AssetImportWorker1.log
-srvPort
63078
Successfully changed project path to: C:/Users/crist/OneDrive/Documentos/GitHub/Mario-2D-Examen
C:/Users/crist/OneDrive/Documentos/GitHub/Mario-2D-Examen
[UnityMemory] Configuration Parameters - Can be set up in boot.config
    "memorysetup-bucket-allocator-granularity=16"
    "memorysetup-bucket-allocator-bucket-count=8"
    "memorysetup-bucket-allocator-block-size=33554432"
    "memorysetup-bucket-allocator-block-count=8"
    "memorysetup-main-allocator-block-size=16777216"
    "memorysetup-thread-allocator-block-size=16777216"
    "memorysetup-gfx-main-allocator-block-size=16777216"
    "memorysetup-gfx-thread-allocator-block-size=16777216"
    "memorysetup-cache-allocator-block-size=4194304"
    "memorysetup-typetree-allocator-block-size=2097152"
    "memorysetup-profiler-bucket-allocator-granularity=16"
    "memorysetup-profiler-bucket-allocator-bucket-count=8"
    "memorysetup-profiler-bucket-allocator-block-size=33554432"
    "memorysetup-profiler-bucket-allocator-block-count=8"
    "memorysetup-profiler-allocator-block-size=16777216"
    "memorysetup-profiler-editor-allocator-block-size=1048576"
    "memorysetup-temp-allocator-size-main=16777216"
    "memorysetup-job-temp-allocator-block-size=2097152"
    "memorysetup-job-temp-allocator-block-size-background=1048576"
    "memorysetup-job-temp-allocator-reduction-small-platforms=262144"
    "memorysetup-temp-allocator-size-background-worker=32768"
    "memorysetup-temp-allocator-size-job-worker=262144"
    "memorysetup-temp-allocator-size-preload-manager=33554432"
    "memorysetup-temp-allocator-size-nav-mesh-worker=65536"
    "memorysetup-temp-allocator-size-audio-worker=65536"
    "memorysetup-temp-allocator-size-cloud-worker=32768"
    "memorysetup-temp-allocator-size-gi-baking-worker=262144"
    "memorysetup-temp-allocator-size-gfx=262144"
Player connection [8252] Host "[IP] 192.168.26.3 [Port] 0 [Flags] 2 [Guid] 2466005341 [EditorId] 2466005341 [Version] 1048832 [Id] WindowsEditor(7,VISA) [Debug] 1 [PackageName] WindowsEditor [ProjectName] Editor" joined multi-casting on [225.0.0.222:54997]...

Player connection [8252] Host "[IP] 192.168.26.3 [Port] 0 [Flags] 2 [Guid] 2466005341 [EditorId] 2466005341 [Version] 1048832 [Id] WindowsEditor(7,VISA) [Debug] 1 [PackageName] WindowsEditor [ProjectName] Editor" joined alternative multi-casting on [225.0.0.222:34997]...

Refreshing native plugins compatible for Editor in 37.16 ms, found 2 plugins.
Preloading 0 native plugins for Editor in 0.00 ms.
Initialize engine version: 2021.3.24f1 (cf10dcf7010d)
[Subsystems] Discovering subsystems at path C:/Program Files/Unity/Hub/Editor/2021.3.24f1/Editor/Data/Resources/UnitySubsystems
[Subsystems] Discovering subsystems at path C:/Users/crist/OneDrive/Documentos/GitHub/Mario-2D-Examen/Assets
GfxDevice: creating device client; threaded=0; jobified=0
Direct3D:
    Version:  Direct3D 11.0 [level 11.1]
    Renderer: NVIDIA GeForce RTX 2060 (ID=0x1f15)
    Vendor:   NVIDIA
    VRAM:     5955 MB
    Driver:   32.0.15.9186
Initialize mono
Mono path[0] = 'C:/Program Files/Unity/Hub/Editor/2021.3.24f1/Editor/Data/Managed'
Mono path[1] = 'C:/Program Files/Unity/Hub/Editor/2021.3.24f1/Editor/Data/MonoBleedingEdge/lib/mono/unityjit-win32'
Mono config path = 'C:/Program Files/Unity/Hub/Editor/2021.3.24f1/Editor/Data/MonoBleedingEdge/etc'
Using monoOptions --debugger-agent=transport=dt_socket,embedding=1,server=y,suspend=n,address=127.0.0.1:56464
Begin MonoManager ReloadAssembly
Registering precompiled unity dll's ...
Register platform support module: C:/Program Files/Unity/Hub/Editor/2021.3.24f1/Editor/Data/PlaybackEngines/WindowsStandaloneSupport/UnityEditor.WindowsStandalone.Extensions.dll
Registered in 0.004281 seconds.
Native extension for WindowsStandalone target not found
Refreshing native plugins compatible for Editor in 32.96 ms, found 2 plugins.
Preloading 0 native plugins for Editor in 0.00 ms.
Mono: successfully reloaded assembly
- Completed reload, in  0.532 seconds
Domain Reload Profiling:
	ReloadAssembly (532ms)
		BeginReloadAssembly (75ms)
			ExecutionOrderSort (0ms)
			DisableScriptedObjects (0ms)
			BackupInstance (0ms)
			ReleaseScriptingObjects (0ms)
			CreateAndSetChildDomain (1ms)
		EndReloadAssembly (369ms)
			LoadAssemblies (73ms)
			RebuildTransferFunctionScriptingTraits (0ms)
			SetupTypeCache (92ms)
			ReleaseScriptCaches (0ms)
			RebuildScriptCaches (28ms)
			SetupLoadedEditorAssemblies (204ms)
				LogAssemblyErrors (0ms)
				InitializePlatformSupportModulesInManaged (6ms)
				SetLoadedEditorAssemblies (0ms)
				RefreshPlugins (33ms)
				BeforeProcessingInitializeOnLoad (1ms)
				ProcessInitializeOnLoadAttributes (123ms)
				ProcessInitializeOnLoadMethodAttributes (41ms)
				AfterProcessingInitializeOnLoad (0ms)
				EditorAssembliesLoaded (0ms)
			ExecutionOrderSort2 (0ms)
			AwakeInstancesAfterBackupRestoration (0ms)
Platform modules already initialized, skipping
Registering precompiled user dll's ...
Registered in 0.004381 seconds.
Begin MonoManager ReloadAssembly
Native extension for WindowsStandalone target not found
Refreshing native plugins compatible for Editor in 0.65 ms, found 2 plugins.
Preloading 0 native plugins for Editor in 0.00 ms.
Mono: successfully reloaded assembly
- Completed reload, in  0.887 seconds
Domain Reload Profiling:
	ReloadAssembly (888ms)
		BeginReloadAssembly (107ms)
			ExecutionOrderSort (0ms)
			DisableScriptedObjects (5ms)
			BackupInstance (0ms)
			ReleaseScriptingObjects (0ms)
			CreateAndSetChildDomain (19ms)
		EndReloadAssembly (684ms)
			LoadAssemblies (76ms)
			RebuildTransferFunctionScriptingTraits (0ms)
			SetupTypeCache (164ms)
			ReleaseScriptCaches (0ms)
			RebuildScriptCaches (41ms)
			SetupLoadedEditorAssemblies (381ms)
				LogAssemblyErrors (0ms)
				InitializePlatformSupportModulesInManaged (6ms)
				SetLoadedEditorAssemblies (0ms)
				RefreshPlugins (1ms)
				BeforeProcessingInitializeOnLoad (65ms)
				ProcessInitializeOnLoadAttributes (185ms)
				ProcessInitializeOnLoadMethodAttributes (118ms)
				AfterProcessingInitializeOnLoad (6ms)
				EditorAssembliesLoaded (0ms)
			ExecutionOrderSort2 (0ms)
			AwakeInstancesAfterBackupRestoration (5ms)
Platform modules already initialized, skipping
========================================================================
Worker process is ready to serve import requests
Launched and connected shader compiler UnityShaderCompiler.exe after 0.04 seconds
Refreshing native plugins compatible for Editor in 0.60 ms, found 2 plugins.
Preloading 0 native plugins for Editor in 0.00 ms.
Unloading 2269 Unused Serialized files (Serialized files now loaded: 0)
Unloading 50 unused Assets / (56.3 KB). Loaded Objects now: 2714.
Memory consumption went from 87.5 MB to 87.4 MB.
Total: 7.456200 ms (FindLiveObjects: 0.285700 ms CreateObjectMapping: 0.110200 ms MarkObjects: 6.928500 ms  DeleteObjects: 0.129800 ms)

AssetImportParameters requested are different than current active one (requested -> active):
  custom:video-decoder-ogg-theora: a1e56fd34408186e4bbccfd4996cb3dc -> 
  custom:container-muxer-webm: aa71ff27fc2769a1b78a27578f13a17b -> 
  custom:container-demuxer-webm: 4f35f7cbe854078d1ac9338744f61a02 -> 
  custom:video-encoder-webm-vp8: eb34c28f22e8b96e1ab97ce403110664 -> 
  custom:audio-encoder-webm-vorbis: bf7c407c2cedff20999df2af8eb42d56 -> 
  custom:framework-win-MediaFoundation: 216162199b28c13a410421893ffa2e32 -> 
  custom:container-demuxer-ogg: 62fdf1f143b41e24485cea50d1cbac27 -> 
  custom:video-decoder-webm-vp8: 9c59270c3fd7afecdb556c50c9e8de78 -> 
  custom:audio-decoder-ogg-vorbis: bf7c407c2cedff20999df2af8eb42d56 -> 
========================================================================
Received Import Request.
  Time since last request: 14153.479439 seconds.
  path: Assets/Sounds/02-underworld.mp3
  artifactKey: Guid(d8538255f671b4550bce48803d6a0053) Importer(815301076,1909f56bfc062723c751e8b465ee728b)
Start importing Assets/Sounds/02-underworld.mp3 using Guid(d8538255f671b4550bce48803d6a0053) Importer(815301076,1909f56bfc062723c751e8b465ee728b)  -> (artifact id: 'b5ffe15749c7a75d82b431e4420b34e4') in 0.123676 seconds 
========================================================================
Received Import Request.
  Time since last request: 0.000080 seconds.
  path: Assets/Sounds/smb_1-up.wav
  artifactKey: Guid(cdc43de50f4574c75afcc7e74975b29a) Importer(815301076,1909f56bfc062723c751e8b465ee728b)
Start importing Assets/Sounds/smb_1-up.wav using Guid(cdc43de50f4574c75afcc7e74975b29a) Importer(815301076,1909f56bfc062723c751e8b465ee728b)  -> (artifact id: '16bd7f84c1532dbc623013d593a19505') in 0.022830 seconds 
========================================================================
Received Import Request.
  Time since last request: 0.000047 seconds.
  path: Assets/Sounds/03-underwater.mp3
  artifactKey: Guid(062bfccde474844c4a0e5100933f09e5) Importer(815301076,1909f56bfc062723c751e8b465ee728b)
Start importing Assets/Sounds/03-underwater.mp3 using Guid(062bfccde474844c4a0e5100933f09e5) Importer(815301076,1909f56bfc062723c751e8b465ee728b)  -> (artifact id: '670ad112a7ad3ee309d13c2372e37a40') in 0.020656 seconds 
========================================================================
Received Import Request.
  Time since last request: 0.000046 seconds.
  path: Assets/Sounds/17-hurry-starman-.mp3
  artifactKey: Guid(f1d4bda1392ad4f6cb3bb8e494af8eb5) Importer(815301076,1909f56bfc062723c751e8b465ee728b)
Start importing Assets/Sounds/17-hurry-starman-.mp3 using Guid(f1d4bda1392ad4f6cb3bb8e494af8eb5) Importer(815301076,1909f56bfc062723c751e8b465ee728b)  -> (artifact id: '9743b7ec8b873677a6ef9b9a5924e247') in 0.022582 seconds 
========================================================================
Received Import Request.
  Time since last request: 0.000028 seconds.
  path: Assets/Sounds/smb_coin.wav
  artifactKey: Guid(d885ffc842af744d89f7d595ffcc176a) Importer(815301076,1909f56bfc062723c751e8b465ee728b)
Start importing Assets/Sounds/smb_coin.wav using Guid(d885ffc842af744d89f7d595ffcc176a) Importer(815301076,1909f56bfc062723c751e8b465ee728b)  -> (artifact id: '94f90d182a657c8d2208851445451a43') in 0.020932 seconds 
========================================================================
Received Import Request.
  Time since last request: 0.000031 seconds.
  path: Assets/Sounds/smb_jump-super.wav
  artifactKey: Guid(7988561719a0c40049ae5a3c2870d1e7) Importer(815301076,1909f56bfc062723c751e8b465ee728b)
Start importing Assets/Sounds/smb_jump-super.wav using Guid(7988561719a0c40049ae5a3c2870d1e7) Importer(815301076,1909f56bfc062723c751e8b465ee728b)  -> (artifact id: '77f109c580047898600c565d98ad758d') in 0.021101 seconds 
========================================================================
Received Import Request.
  Time since last request: 0.000036 seconds.
  path: Assets/Sounds/10-game-over-2.mp3
  artifactKey: Guid(f93bcca6e8e444c80bcba277102b7fc7) Importer(815301076,1909f56bfc062723c751e8b465ee728b)
Start importing Assets/Sounds/10-game-over-2.mp3 using Guid(f93bcca6e8e444c80bcba277102b7fc7) Importer(815301076,1909f56bfc062723c751e8b465ee728b)  -> (artifact id: 'a23470b3738682cd66b0f23d4ac050b5') in 0.021782 seconds 
========================================================================
Received Import Request.
  Time since last request: 0.000032 seconds.
  path: Assets/Sounds/07-castle-complete.mp3
  artifactKey: Guid(6dbea1eceaa2e48b6aa7c92fac4fbafe) Importer(815301076,1909f56bfc062723c751e8b465ee728b)
Start importing Assets/Sounds/07-castle-complete.mp3 using Guid(6dbea1eceaa2e48b6aa7c92fac4fbafe) Importer(815301076,1909f56bfc062723c751e8b465ee728b)  -> (artifact id: '8f4d0b4d7d98390189f062dc393268f0') in 0.019243 seconds 
========================================================================
Received Import Request.
  Time since last request: 0.000029 seconds.
  path: Assets/Sounds/smb_flagpole.wav
  artifactKey: Guid(45ea427b60eb04afe8cc4c33f225da7a) Importer(815301076,1909f56bfc062723c751e8b465ee728b)
Start importing Assets/Sounds/smb_flagpole.wav using Guid(45ea427b60eb04afe8cc4c33f225da7a) Importer(815301076,1909f56bfc062723c751e8b465ee728b)  -> (artifact id: 'dcdf9b00a8b446953654991df8efaa4e') in 0.020146 seconds 
========================================================================
Received Import Request.
  Time since last request: 0.000032 seconds.
  path: Assets/Sounds/smb_bump.wav
  artifactKey: Guid(6f487163c53194893952b1f457060b86) Importer(815301076,1909f56bfc062723c751e8b465ee728b)
Start importing Assets/Sounds/smb_bump.wav using Guid(6f487163c53194893952b1f457060b86) Importer(815301076,1909f56bfc062723c751e8b465ee728b)  -> (artifact id: 'b7b3869942a12aa6d76ecd9f29f23df3') in 0.016987 seconds 
========================================================================
Received Import Request.
  Time since last request: 0.000032 seconds.
  path: Assets/Sounds/smb_bowserfire.wav
  artifactKey: Guid(de02ec0c771a0476cb3609ebf94653a8) Importer(815301076,1909f56bfc062723c751e8b465ee728b)
Start importing Assets/Sounds/smb_bowserfire.wav using Guid(de02ec0c771a0476cb3609ebf94653a8) Importer(815301076,1909f56bfc062723c751e8b465ee728b)  -> (artifact id: '5c858430a50285e6a4c40a845ea59f4f') in 0.019850 seconds 
========================================================================
Received Import Request.
  Time since last request: 0.000031 seconds.
  path: Assets/Sounds/08-you-re-dead.mp3
  artifactKey: Guid(90ceef20da9a84d9891da3179ede4177) Importer(815301076,1909f56bfc062723c751e8b465ee728b)
Start importing Assets/Sounds/08-you-re-dead.mp3 using Guid(90ceef20da9a84d9891da3179ede4177) Importer(815301076,1909f56bfc062723c751e8b465ee728b)  -> (artifact id: '639950a14ae67a1b74df5afbc58a8f71') in 0.022184 seconds 
========================================================================
Received Import Request.
  Time since last request: 0.000043 seconds.
  path: Assets/Sounds/smb_kick.wav
  artifactKey: Guid(96f7a44168f114e6ba76d5c1bef36f86) Importer(815301076,1909f56bfc062723c751e8b465ee728b)
Start importing Assets/Sounds/smb_kick.wav using Guid(96f7a44168f114e6ba76d5c1bef36f86) Importer(815301076,1909f56bfc062723c751e8b465ee728b)  -> (artifact id: '70012f5dd4b4646be56e681d4d8670aa') in 0.018005 seconds 
========================================================================
Received Import Request.
  Time since last request: 0.000029 seconds.
  path: Assets/Sounds/smb_breakblock.wav
  artifactKey: Guid(c738f1c61166b40e19d4d970e7b9c9df) Importer(815301076,1909f56bfc062723c751e8b465ee728b)
Start importing Assets/Sounds/smb_breakblock.wav using Guid(c738f1c61166b40e19d4d970e7b9c9df) Importer(815301076,1909f56bfc062723c751e8b465ee728b)  -> (artifact id: 'c008cefd693988914bd55bc637f68901') in 0.017538 seconds 
========================================================================
Received Import Request.
  Time since last request: 0.000067 seconds.
  path: Assets/Sounds/05-starman.mp3
  artifactKey: Guid(fe80c79237cc34e99babbc6d54016d93) Importer(815301076,1909f56bfc062723c751e8b465ee728b)
Start importing Assets/Sounds/05-starman.mp3 using Guid(fe80c79237cc34e99babbc6d54016d93) Importer(815301076,1909f56bfc062723c751e8b465ee728b)  -> (artifact id: 'd0d8916b36b56ec2fc34977bce05b3c2') in 0.017124 seconds 
========================================================================
Received Import Request.
  Time since last request: 0.000026 seconds.
  path: Assets/Sounds/smb_bowserfalls.wav
  artifactKey: Guid(04c05e6a635a94c57ba4f3a3f3aaa89f) Importer(815301076,1909f56bfc062723c751e8b465ee728b)
Start importing Assets/Sounds/smb_bowserfalls.wav using Guid(04c05e6a635a94c57ba4f3a3f3aaa89f) Importer(815301076,1909f56bfc062723c751e8b465ee728b)  -> (artifact id: 'cbb4b4ed042d7f61948a3512f1406082') in 0.019856 seconds 
Editor requested this worker to shutdown with reason: Scaling down because of idle timeout
AssetImportWorker is now disconnected from the server
Process exiting
Exiting without the bug reporter. Application will terminate with return code 0