Using pre-set license
Built from '2021.3/staging' branch; Version is '2021.3.24f1 (cf10dcf7010d) revision 13570268'; Using compiler version '192829333'; Build Type 'Release'
OS: 'Windows 11  (10.0.26200) 64bit Core' Language: 'es' Physical Memory: 15789 MB
BatchMode: 1, IsHumanControllingUs: 0, StartBugReporterOnCrash: 0, Is64bit: 1, IsPro: 1

COMMAND LINE ARGUMENTS:
C:\Program Files\Unity\Hub\Editor\2021.3.24f1\Editor\Unity.exe
-adb2
-batchMode
-noUpm
-name
AssetImportWorker2
-projectPath
C:/Users/crist/OneDrive/Documentos/GitHub/Mario-2D-Examen
-logFile
Logs/AssetImportWorker2.log
-srvPort
63078
Successfully changed project path to: C:/Users/crist/OneDrive/Documentos/GitHub/Mario-2D-Examen
C:/Users/crist/OneDrive/Documentos/GitHub/Mario-2D-Examen
[UnityMemory] Configuration Parameters - Can be set up in boot.config
    "memorysetup-bucket-allocator-granularity=16"
    "memorysetup-bucket-allocator-bucket-count=8"
    "memorysetup-bucket-allocator-block-size=33554432"
    "memorysetup-bucket-allocator-block-count=8"
    "memorysetup-main-allocator-block-size=16777216"
    "memorysetup-thread-allocator-block-size=16777216"
    "memorysetup-gfx-main-allocator-block-size=16777216"
    "memorysetup-gfx-thread-allocator-block-size=16777216"
    "memorysetup-cache-allocator-block-size=4194304"
    "memorysetup-typetree-allocator-block-size=2097152"
    "memorysetup-profiler-bucket-allocator-granularity=16"
    "memorysetup-profiler-bucket-allocator-bucket-count=8"
    "memorysetup-profiler-bucket-allocator-block-size=33554432"
    "memorysetup-profiler-bucket-allocator-block-count=8"
    "memorysetup-profiler-allocator-block-size=16777216"
    "memorysetup-profiler-editor-allocator-block-size=1048576"
    "memorysetup-temp-allocator-size-main=16777216"
    "memorysetup-job-temp-allocator-block-size=2097152"
    "memorysetup-job-temp-allocator-block-size-background=1048576"
    "memorysetup-job-temp-allocator-reduction-small-platforms=262144"
    "memorysetup-temp-allocator-size-background-worker=32768"
    "memorysetup-temp-allocator-size-job-worker=262144"
    "memorysetup-temp-allocator-size-preload-manager=33554432"
    "memorysetup-temp-allocator-size-nav-mesh-worker=65536"
    "memorysetup-temp-allocator-size-audio-worker=65536"
    "memorysetup-temp-allocator-size-cloud-worker=32768"
    "memorysetup-temp-allocator-size-gi-baking-worker=262144"
    "memorysetup-temp-allocator-size-gfx=262144"
Player connection [1064] Host "[IP] 192.168.26.3 [Port] 0 [Flags] 2 [Guid] 3721251731 [EditorId] 3721251731 [Version] 1048832 [Id] WindowsEditor(7,VISA) [Debug] 1 [PackageName] WindowsEditor [ProjectName] Editor" joined multi-casting on [225.0.0.222:54997]...

Player connection [1064] Host "[IP] 192.168.26.3 [Port] 0 [Flags] 2 [Guid] 3721251731 [EditorId] 3721251731 [Version] 1048832 [Id] WindowsEditor(7,VISA) [Debug] 1 [PackageName] WindowsEditor [ProjectName] Editor" joined alternative multi-casting on [225.0.0.222:34997]...

Refreshing native plugins compatible for Editor in 56.46 ms, found 2 plugins.
Preloading 0 native plugins for Editor in 0.00 ms.
Initialize engine version: 2021.3.24f1 (cf10dcf7010d)
[Subsystems] Discovering subsystems at path C:/Program Files/Unity/Hub/Editor/2021.3.24f1/Editor/Data/Resources/UnitySubsystems
[Subsystems] Discovering subsystems at path C:/Users/crist/OneDrive/Documentos/GitHub/Mario-2D-Examen/Assets
GfxDevice: creating device client; threaded=0; jobified=0
Direct3D:
    Version:  Direct3D 11.0 [level 11.1]
    Renderer: NVIDIA GeForce RTX 2060 (ID=0x1f15)
    Vendor:   NVIDIA
    VRAM:     5955 MB
    Driver:   32.0.15.9186
Initialize mono
Mono path[0] = 'C:/Program Files/Unity/Hub/Editor/2021.3.24f1/Editor/Data/Managed'
Mono path[1] = 'C:/Program Files/Unity/Hub/Editor/2021.3.24f1/Editor/Data/MonoBleedingEdge/lib/mono/unityjit-win32'
Mono config path = 'C:/Program Files/Unity/Hub/Editor/2021.3.24f1/Editor/Data/MonoBleedingEdge/etc'
Using monoOptions --debugger-agent=transport=dt_socket,embedding=1,server=y,suspend=n,address=127.0.0.1:56656
Begin MonoManager ReloadAssembly
Registering precompiled unity dll's ...
Register platform support module: C:/Program Files/Unity/Hub/Editor/2021.3.24f1/Editor/Data/PlaybackEngines/WindowsStandaloneSupport/UnityEditor.WindowsStandalone.Extensions.dll
Registered in 0.004859 seconds.
Native extension for WindowsStandalone target not found
Refreshing native plugins compatible for Editor in 30.51 ms, found 2 plugins.
Preloading 0 native plugins for Editor in 0.00 ms.
Mono: successfully reloaded assembly
- Completed reload, in  0.548 seconds
Domain Reload Profiling:
	ReloadAssembly (548ms)
		BeginReloadAssembly (77ms)
			ExecutionOrderSort (0ms)
			DisableScriptedObjects (0ms)
			BackupInstance (0ms)
			ReleaseScriptingObjects (0ms)
			CreateAndSetChildDomain (1ms)
		EndReloadAssembly (378ms)
			LoadAssemblies (75ms)
			RebuildTransferFunctionScriptingTraits (0ms)
			SetupTypeCache (96ms)
			ReleaseScriptCaches (0ms)
			RebuildScriptCaches (28ms)
			SetupLoadedEditorAssemblies (208ms)
				LogAssemblyErrors (0ms)
				InitializePlatformSupportModulesInManaged (8ms)
				SetLoadedEditorAssemblies (0ms)
				RefreshPlugins (31ms)
				BeforeProcessingInitializeOnLoad (1ms)
				ProcessInitializeOnLoadAttributes (126ms)
				ProcessInitializeOnLoadMethodAttributes (43ms)
				AfterProcessingInitializeOnLoad (0ms)
				EditorAssembliesLoaded (0ms)
			ExecutionOrderSort2 (0ms)
			AwakeInstancesAfterBackupRestoration (0ms)
Platform modules already initialized, skipping
Registering precompiled user dll's ...
Registered in 0.006075 seconds.
Begin MonoManager ReloadAssembly
Native extension for WindowsStandalone target not found
Refreshing native plugins compatible for Editor in 0.50 ms, found 2 plugins.
Preloading 0 native plugins for Editor in 0.00 ms.
Mono: successfully reloaded assembly
- Completed reload, in  0.902 seconds
Domain Reload Profiling:
	ReloadAssembly (903ms)
		BeginReloadAssembly (113ms)
			ExecutionOrderSort (0ms)
			DisableScriptedObjects (5ms)
			BackupInstance (0ms)
			ReleaseScriptingObjects (0ms)
			CreateAndSetChildDomain (20ms)
		EndReloadAssembly (691ms)
			LoadAssemblies (76ms)
			RebuildTransferFunctionScriptingTraits (0ms)
			SetupTypeCache (166ms)
			ReleaseScriptCaches (0ms)
			RebuildScriptCaches (43ms)
			SetupLoadedEditorAssemblies (382ms)
				LogAssemblyErrors (0ms)
				InitializePlatformSupportModulesInManaged (4ms)
				SetLoadedEditorAssemblies (0ms)
				RefreshPlugins (1ms)
				BeforeProcessingInitializeOnLoad (63ms)
				ProcessInitializeOnLoadAttributes (190ms)
				ProcessInitializeOnLoadMethodAttributes (117ms)
				AfterProcessingInitializeOnLoad (6ms)
				EditorAssembliesLoaded (0ms)
			ExecutionOrderSort2 (0ms)
			AwakeInstancesAfterBackupRestoration (6ms)
Platform modules already initialized, skipping
========================================================================
Worker process is ready to serve import requests
Launched and connected shader compiler UnityShaderCompiler.exe after 0.05 seconds
Refreshing native plugins compatible for Editor in 0.74 ms, found 2 plugins.
Preloading 0 native plugins for Editor in 0.00 ms.
Unloading 2269 Unused Serialized files (Serialized files now loaded: 0)
Unloading 50 unused Assets / (56.3 KB). Loaded Objects now: 2714.
Memory consumption went from 87.5 MB to 87.4 MB.
Total: 6.591700 ms (FindLiveObjects: 0.225400 ms CreateObjectMapping: 0.064900 ms MarkObjects: 6.201800 ms  DeleteObjects: 0.098300 ms)

AssetImportParameters requested are different than current active one (requested -> active):
  custom:video-decoder-ogg-theora: a1e56fd34408186e4bbccfd4996cb3dc -> 
  custom:container-muxer-webm: aa71ff27fc2769a1b78a27578f13a17b -> 
  custom:container-demuxer-webm: 4f35f7cbe854078d1ac9338744f61a02 -> 
  custom:video-encoder-webm-vp8: eb34c28f22e8b96e1ab97ce403110664 -> 
  custom:audio-encoder-webm-vorbis: bf7c407c2cedff20999df2af8eb42d56 -> 
  custom:framework-win-MediaFoundation: 216162199b28c13a410421893ffa2e32 -> 
  custom:container-demuxer-ogg: 62fdf1f143b41e24485cea50d1cbac27 -> 
  custom:video-decoder-webm-vp8: 9c59270c3fd7afecdb556c50c9e8de78 -> 
  custom:audio-decoder-ogg-vorbis: bf7c407c2cedff20999df2af8eb42d56 -> 
========================================================================
Received Import Request.
  Time since last request: 14158.506420 seconds.
  path: Assets/Scripts/_common/CollectibleBlock.cs
  artifactKey: Guid(d3e59d25431204982a07632113f35891) Importer(815301076,1909f56bfc062723c751e8b465ee728b)
Start importing Assets/Scripts/_common/CollectibleBlock.cs using Guid(d3e59d25431204982a07632113f35891) Importer(815301076,1909f56bfc062723c751e8b465ee728b)  -> (artifact id: '8af1897c448e59f633a4baaa1f4f60ac') in 0.042247 seconds 
========================================================================
Received Import Request.
  Time since last request: 8.796600 seconds.
  path: Assets/Scripts/_common/DestroyAfterAnimation.cs
  artifactKey: Guid(a2e056d8662da4617bb9d860fd8ad26e) Importer(815301076,1909f56bfc062723c751e8b465ee728b)
Start importing Assets/Scripts/_common/DestroyAfterAnimation.cs using Guid(a2e056d8662da4617bb9d860fd8ad26e) Importer(815301076,1909f56bfc062723c751e8b465ee728b)  -> (artifact id: 'fd46636f1256a3a1860ab3473c4ede7b') in 0.010606 seconds 
========================================================================
Received Import Request.
  Time since last request: 1.556684 seconds.
  path: Assets/Scripts/_common/DestroyAfterDelay.cs
  artifactKey: Guid(ad5ff99f678cd4e4980b0c109ac27819) Importer(815301076,1909f56bfc062723c751e8b465ee728b)
Start importing Assets/Scripts/_common/DestroyAfterDelay.cs using Guid(ad5ff99f678cd4e4980b0c109ac27819) Importer(815301076,1909f56bfc062723c751e8b465ee728b)  -> (artifact id: '7b7c7219a6a9df1a0d6f43ddfd9cf6a2') in 0.009637 seconds 
========================================================================
Received Import Request.
  Time since last request: 1.273306 seconds.
  path: Assets/Scripts/_common/DestroyOutOfScreen.cs
  artifactKey: Guid(952e0ec8824424de987c64ebc3b60845) Importer(815301076,1909f56bfc062723c751e8b465ee728b)
Start importing Assets/Scripts/_common/DestroyOutOfScreen.cs using Guid(952e0ec8824424de987c64ebc3b60845) Importer(815301076,1909f56bfc062723c751e8b465ee728b)  -> (artifact id: 'ead68c5d73dc6b4439041c1b203803ae') in 0.009596 seconds 
========================================================================
Received Import Request.
  Time since last request: 1.483811 seconds.
  path: Assets/Scripts/_common/VisibleUponHit.cs
  artifactKey: Guid(36584bbd26ef645fcaa7c49079ee164d) Importer(815301076,1909f56bfc062723c751e8b465ee728b)
Start importing Assets/Scripts/_common/VisibleUponHit.cs using Guid(36584bbd26ef645fcaa7c49079ee164d) Importer(815301076,1909f56bfc062723c751e8b465ee728b)  -> (artifact id: 'daabb6b56e05a1b28524ecc89f37f66f') in 0.009466 seconds 
========================================================================
Received Import Request.
  Time since last request: 0.688477 seconds.
  path: Assets/Scripts/_common/PowerupObject.cs
  artifactKey: Guid(dd00814fc3cd84194abcfcf357077cbf) Importer(815301076,1909f56bfc062723c751e8b465ee728b)
Start importing Assets/Scripts/_common/PowerupObject.cs using Guid(dd00814fc3cd84194abcfcf357077cbf) Importer(815301076,1909f56bfc062723c751e8b465ee728b)  -> (artifact id: '9ef4f022ceefba2c8460fbd2c0fef77f') in 0.009418 seconds 
